2020-04-16 01:23:46,794 INFO OtusTest [main] Driver is set up
2020-04-16 01:23:50,068 INFO OtusTest [main] page is opened
2020-04-16 17:01:42,084 INFO OtusTest [main] Driver is set up
2020-04-16 17:01:46,490 INFO OtusTest [main] Page is opened
2020-04-16 17:08:42,033 INFO OtusTest [main] Driver is set up
2020-04-16 17:08:44,899 INFO OtusTest [main] Page is opened
2020-04-29 01:54:02,470 INFO OtusTest [main] Driver is set up
2020-04-29 01:54:06,176 INFO OtusTest [main] Page is opened
2020-05-08 12:33:32,886 INFO OtusTest [main] Driver is set up
2020-05-08 12:33:38,116 INFO OtusTest [main] Page is opened
2020-05-08 12:40:45,167 INFO OtusTest [main] Driver is set up
2020-05-08 12:40:46,075 INFO OtusTest [main] Page is opened
2020-05-08 12:42:05,238 INFO OtusTest [main] Driver is set up
2020-05-08 12:42:06,190 INFO OtusTest [main] Page is opened
2020-05-08 12:58:13,124 INFO OtusTest [main] Driver is set up
2020-05-08 12:59:09,844 INFO OtusTest [main] Page is opened
2020-05-08 13:15:57,176 INFO OtusTest [main] Driver is set up
2020-05-08 13:16:08,971 INFO OtusTest [main] Page is opened
2020-05-08 13:17:08,194 INFO OtusTest [main] Filter page is opened
2020-05-08 13:40:33,110 INFO OtusTest [main] Driver is set up
2020-05-08 13:40:45,543 INFO OtusTest [main] Page is opened
2020-05-08 13:58:45,174 INFO OtusTest [main] Driver is set up
2020-05-08 13:58:59,657 INFO OtusTest [main] Start page is opened
2020-05-08 14:02:57,035 INFO OtusTest [main] Driver is set up
2020-05-08 14:03:06,500 INFO OtusTest [main] Start page is opened
2020-05-08 14:03:30,361 INFO OtusTest [main] Mobile catalog is opened
2020-05-08 14:03:49,609 INFO OtusTest [main] Filter page is opened
2020-05-08 14:09:15,653 INFO OtusTest [main] Driver is set up
2020-05-08 14:09:24,382 INFO OtusTest [main] Start page is opened
2020-05-08 14:11:08,986 INFO OtusTest [main] Driver is set up
2020-05-08 14:11:10,966 INFO OtusTest [main] Start page is opened
2020-05-08 14:12:51,133 INFO OtusTest [main] Mobile catalog is opened
2020-05-08 14:13:07,076 INFO OtusTest [main] Filter page is opened
2020-05-08 14:16:15,707 INFO OtusTest [main] Driver is set up
2020-05-08 14:16:17,760 INFO OtusTest [main] Start page is opened
2020-05-08 14:16:43,923 INFO OtusTest [main] Mobile catalog is opened
2020-05-08 14:16:55,173 INFO OtusTest [main] Filter page is opened
2020-05-08 14:19:58,534 INFO OtusTest [main] Driver is set up
2020-05-08 14:20:00,396 INFO OtusTest [main] Start page is opened
2020-05-08 14:20:45,498 INFO OtusTest [main] Driver is set up
2020-05-08 14:20:47,570 INFO OtusTest [main] Start page is opened
2020-05-08 14:21:20,330 INFO OtusTest [main] Driver is set up
2020-05-08 14:21:22,128 INFO OtusTest [main] Start page is opened
2020-05-08 14:22:10,395 INFO OtusTest [main] Driver is set up
2020-05-08 14:22:12,426 INFO OtusTest [main] Start page is opened
2020-05-08 14:22:33,277 INFO OtusTest [main] Mobile catalog is opened
2020-05-08 14:22:42,777 INFO OtusTest [main] Filter page is opened
2020-05-08 14:24:22,458 INFO OtusTest [main] Driver is set up
2020-05-08 14:24:24,280 INFO OtusTest [main] Start page is opened
2020-05-08 14:26:07,201 INFO OtusTest [main] Driver is set up
2020-05-08 14:26:08,976 INFO OtusTest [main] Start page is opened
2020-05-08 14:26:31,096 INFO OtusTest [main] Mobile catalog is opened
2020-05-08 14:26:35,312 INFO OtusTest [main] Filter page is opened
2020-05-08 14:26:40,976 INFO OtusTest [main] Driver is set up
2020-05-08 14:26:42,990 INFO OtusTest [main] Start page is opened
2020-05-08 14:30:04,792 INFO OtusTest [main] Driver is set up
2020-05-08 14:30:06,227 INFO OtusTest [main] Start page is opened
2020-05-08 14:30:44,281 INFO OtusTest [main] Driver is set up
2020-05-08 14:30:46,419 INFO OtusTest [main] Start page is opened
2020-05-08 14:30:55,352 INFO OtusTest [main] Mobile catalog is opened
2020-05-08 14:31:02,015 INFO OtusTest [main] Filter page is opened
2020-05-08 14:31:20,354 INFO OtusTest [main] Driver is set up
2020-05-08 14:31:22,110 INFO OtusTest [main] Start page is opened
2020-05-08 14:32:35,336 INFO OtusTest [main] Mobile catalog is opened
2020-05-08 14:32:39,498 INFO OtusTest [main] Filter page is opened
2020-05-08 14:32:46,705 INFO OtusTest [main] Driver is set up
2020-05-08 14:32:48,473 INFO OtusTest [main] Start page is opened
2020-05-08 14:33:17,218 INFO OtusTest [main] Mobile catalog is opened
2020-05-08 14:33:18,601 INFO OtusTest [main] Filter page is opened
2020-05-08 14:33:27,046 INFO OtusTest [main] Driver is set up
2020-05-08 14:33:28,952 INFO OtusTest [main] Start page is opened
2020-05-08 14:33:44,254 INFO OtusTest [main] Mobile catalog is opened
2020-05-08 14:33:59,480 INFO OtusTest [main] Filter page is opened
2020-05-08 14:35:00,671 INFO OtusTest [main] Driver is set up
2020-05-08 14:35:01,713 INFO OtusTest [main] Start page is opened
2020-05-08 14:35:10,267 INFO OtusTest [main] Mobile catalog is opened
2020-05-08 14:35:26,570 INFO OtusTest [main] Filter page is opened
2020-05-08 14:39:00,433 INFO OtusTest [main] Driver is set up
2020-05-08 14:39:02,206 INFO OtusTest [main] Start page is opened
2020-05-08 14:39:09,625 INFO OtusTest [main] Mobile catalog is opened
2020-05-08 14:39:12,523 INFO OtusTest [main] Filter page is opened
2020-05-08 14:40:03,953 INFO OtusTest [main] Driver is set up
2020-05-08 14:40:05,681 INFO OtusTest [main] Start page is opened
2020-05-08 14:42:58,811 INFO OtusTest [main] Driver is set up
2020-05-08 14:43:00,702 INFO OtusTest [main] Start page is opened
2020-05-08 14:43:07,894 INFO OtusTest [main] Mobile catalog is opened
2020-05-08 14:43:11,008 INFO OtusTest [main] Filter page is opened
2020-05-08 14:44:44,592 INFO OtusTest [main] Driver is set up
2020-05-08 14:44:48,098 INFO OtusTest [main] Start page is opened
2020-05-08 14:44:55,436 INFO OtusTest [main] Mobile catalog is opened
2020-05-08 14:44:58,434 INFO OtusTest [main] Filter page is opened
2020-05-08 14:49:52,057 INFO OtusTest [main] Driver is set up
2020-05-08 14:49:53,947 INFO OtusTest [main] Start page is opened
2020-05-08 14:50:01,037 INFO OtusTest [main] Mobile catalog is opened
2020-05-08 14:50:04,103 INFO OtusTest [main] Filter page is opened
2020-05-08 14:56:20,785 INFO OtusTest [main] Driver is set up
2020-05-08 14:56:22,502 INFO OtusTest [main] Start page is opened
2020-05-08 14:56:25,509 INFO OtusTest [main] Mobile catalog is opened
2020-05-08 15:03:45,967 INFO OtusTest [main] Driver is set up
2020-05-08 15:03:48,002 INFO OtusTest [main] Start page is opened
2020-05-08 15:03:51,341 INFO OtusTest [main] Mobile catalog is opened
2020-05-08 15:03:56,610 INFO OtusTest [main] Filter page is opened
2020-05-08 15:07:04,779 INFO OtusTest [main] Driver is set up
2020-05-08 15:07:07,196 INFO OtusTest [main] Start page is opened
2020-05-08 15:07:14,453 INFO OtusTest [main] Mobile catalog is opened
2020-05-08 15:07:17,708 INFO OtusTest [main] Filter page is opened
2020-05-08 15:30:38,507 INFO OtusTest [main] Driver is set up
2020-05-08 15:30:40,798 INFO OtusTest [main] Start page is opened
2020-05-08 15:30:48,923 INFO OtusTest [main] Mobile catalog is opened
2020-05-08 15:30:52,134 INFO OtusTest [main] Filter page is opened
2020-05-08 15:31:55,621 INFO OtusTest [main] Driver is set up
2020-05-08 15:31:57,698 INFO OtusTest [main] Start page is opened
2020-05-08 15:32:05,643 INFO OtusTest [main] Mobile catalog is opened
2020-05-08 15:32:08,826 INFO OtusTest [main] Filter page is opened
2020-05-08 15:32:43,079 INFO OtusTest [main] Driver is set up
2020-05-08 15:32:44,983 INFO OtusTest [main] Start page is opened
2020-05-08 15:32:48,109 INFO OtusTest [main] Mobile catalog is opened
2020-05-08 15:32:54,502 INFO OtusTest [main] Filter page is opened
2020-05-08 15:36:39,423 INFO OtusTest [main] Driver is set up
2020-05-08 15:36:41,538 INFO OtusTest [main] Start page is opened
2020-05-08 15:36:49,417 INFO OtusTest [main] Mobile catalog is opened
2020-05-08 15:36:52,709 INFO OtusTest [main] Filter page is opened
2020-05-08 15:42:23,461 INFO OtusTest [main] Driver is set up
2020-05-08 15:42:25,347 INFO OtusTest [main] Start page is opened
2020-05-08 15:42:33,073 INFO OtusTest [main] Mobile catalog is opened
2020-05-08 15:42:36,262 INFO OtusTest [main] Filter page is opened
2020-05-08 15:45:10,672 INFO OtusTest [main] Driver is set up
2020-05-08 15:45:12,740 INFO OtusTest [main] Start page is opened
2020-05-08 15:45:20,817 INFO OtusTest [main] Mobile catalog is opened
2020-05-08 15:45:24,017 INFO OtusTest [main] Filter page is opened
2020-05-08 15:45:25,025 INFO OtusTest [main] Filter Xiaomi is used
2020-05-08 15:53:21,391 INFO OtusTest [main] Driver is set up
2020-05-08 15:53:23,807 INFO OtusTest [main] Start page is opened
2020-05-08 15:53:31,240 INFO OtusTest [main] Mobile catalog is opened
2020-05-08 15:53:34,718 INFO OtusTest [main] Filter page is opened
2020-05-08 15:53:36,007 INFO OtusTest [main] Products Tab is opened 
